[2023-10-31 03:00:58.522] [INFO ] [main] com.springboot.api.ApiApplication Starting ApiApplication using Java 11.0.16.1 on DESKTOP-J with PID 12680 (C:\corner_spring\api\target\classes started by 제이엘16 in C:\corner_spring\api)
[2023-10-31 03:00:58.532] [INFO ] [main] com.springboot.api.ApiApplication No active profile set, falling back to 1 default profile: "default"
[2023-10-31 03:01:04.692] [INFO ] [main] org.springframework.boot.web.embedded.tomcat.TomcatWebServer Tomcat initialized with port(s): 8080 (http)
[2023-10-31 03:01:04.714] [INFO ] [main] org.apache.coyote.http11.Http11NioProtocol Initializing ProtocolHandler ["http-nio-8080"]
[2023-10-31 03:01:04.720] [INFO ] [main] org.apache.catalina.core.StandardService Starting service [Tomcat]
[2023-10-31 03:01:04.723] [INFO ] [main] org.apache.catalina.core.StandardEngine Starting Servlet engine: [Apache Tomcat/9.0.82]
[2023-10-31 03:01:05.161] [INFO ] [main] org.apache.catalina.core.ContainerBase.[Tomcat].[localhost].[/] Initializing Spring embedded WebApplicationContext
[2023-10-31 03:01:05.162] [INFO ] [main] org.springframework.boot.web.servlet.context.ServletWebServerApplicationContext Root WebApplicationContext: initialization completed in 6485 ms
[2023-10-31 03:01:06.434] [INFO ] [main] springfox.documentation.spring.web.PropertySourcedRequestMappingHandlerMapping Mapped URL path [/v2/api-docs] onto method [springfox.documentation.swagger2.web.Swagger2Controller#getDocumentation(String, HttpServletRequest)]
[2023-10-31 03:01:07.032] [INFO ] [main] org.apache.coyote.http11.Http11NioProtocol Starting ProtocolHandler ["http-nio-8080"]
[2023-10-31 03:01:07.107] [INFO ] [main] org.springframework.boot.web.embedded.tomcat.TomcatWebServer Tomcat started on port(s): 8080 (http) with context path ''
[2023-10-31 03:01:07.110] [INFO ] [main] springfox.documentation.spring.web.plugins.DocumentationPluginsBootstrapper Context refreshed
[2023-10-31 03:01:07.182] [INFO ] [main] springfox.documentation.spring.web.plugins.DocumentationPluginsBootstrapper Found 1 custom documentation plugin(s)
[2023-10-31 03:01:07.274] [INFO ] [main] springfox.documentation.spring.web.scanners.ApiListingReferenceScanner Scanning for api listing references
[2023-10-31 03:01:07.803] [INFO ] [main] com.springboot.api.ApiApplication Started ApiApplication in 10.948 seconds (JVM running for 12.276)
[2023-10-31 03:02:19.280] [INFO ] [main] com.springboot.api.ApiApplication Starting ApiApplication using Java 11.0.16.1 on DESKTOP-J with PID 6424 (C:\corner_spring\api\target\classes started by 제이엘16 in C:\corner_spring\api)
[2023-10-31 03:02:19.289] [INFO ] [main] com.springboot.api.ApiApplication No active profile set, falling back to 1 default profile: "default"
[2023-10-31 03:02:24.917] [INFO ] [main] org.springframework.boot.web.embedded.tomcat.TomcatWebServer Tomcat initialized with port(s): 8080 (http)
[2023-10-31 03:02:24.943] [INFO ] [main] org.apache.coyote.http11.Http11NioProtocol Initializing ProtocolHandler ["http-nio-8080"]
[2023-10-31 03:02:24.950] [INFO ] [main] org.apache.catalina.core.StandardService Starting service [Tomcat]
[2023-10-31 03:02:24.951] [INFO ] [main] org.apache.catalina.core.StandardEngine Starting Servlet engine: [Apache Tomcat/9.0.82]
[2023-10-31 03:02:25.324] [INFO ] [main] org.apache.catalina.core.ContainerBase.[Tomcat].[localhost].[/] Initializing Spring embedded WebApplicationContext
[2023-10-31 03:02:25.325] [INFO ] [main] org.springframework.boot.web.servlet.context.ServletWebServerApplicationContext Root WebApplicationContext: initialization completed in 5879 ms
[2023-10-31 03:02:26.446] [INFO ] [main] springfox.documentation.spring.web.PropertySourcedRequestMappingHandlerMapping Mapped URL path [/v2/api-docs] onto method [springfox.documentation.swagger2.web.Swagger2Controller#getDocumentation(String, HttpServletRequest)]
[2023-10-31 03:02:27.000] [INFO ] [main] org.apache.coyote.http11.Http11NioProtocol Starting ProtocolHandler ["http-nio-8080"]
[2023-10-31 03:02:27.059] [INFO ] [main] org.springframework.boot.web.embedded.tomcat.TomcatWebServer Tomcat started on port(s): 8080 (http) with context path ''
[2023-10-31 03:02:27.061] [INFO ] [main] springfox.documentation.spring.web.plugins.DocumentationPluginsBootstrapper Context refreshed
[2023-10-31 03:02:27.120] [INFO ] [main] springfox.documentation.spring.web.plugins.DocumentationPluginsBootstrapper Found 1 custom documentation plugin(s)
[2023-10-31 03:02:27.196] [INFO ] [main] springfox.documentation.spring.web.scanners.ApiListingReferenceScanner Scanning for api listing references
[2023-10-31 03:02:27.702] [INFO ] [main] com.springboot.api.ApiApplication Started ApiApplication in 9.89 seconds (JVM running for 11.246)
[2023-10-31 03:02:40.399] [INFO ] [http-nio-8080-exec-1] org.apache.catalina.core.ContainerBase.[Tomcat].[localhost].[/] Initializing Spring DispatcherServlet 'dispatcherServlet'
[2023-10-31 03:02:40.401] [INFO ] [http-nio-8080-exec-1] org.springframework.web.servlet.DispatcherServlet Initializing Servlet 'dispatcherServlet'
[2023-10-31 03:02:40.404] [INFO ] [http-nio-8080-exec-1] org.springframework.web.servlet.DispatcherServlet Completed initialization in 3 ms
[2023-10-31 03:03:18.508] [INFO ] [http-nio-8080-exec-1] com.springboot.api.controller.GetController getHello 메서드가 호출되었습니다.
